<?xml version="1.0" encoding="UTF-8"?>
<!-- Generated by org.testng.reporters.JUnitXMLReporter -->
<testsuite hostname="Lilith-PC" name="career" tests="5" failures="0" timestamp="4 Jun 2019 16:42:37 GMT" time="39.365" errors="0">
  <testcase name="checkJobTopSection" time="21.773" classname="tests.CareerTest"/>
  <testcase name="checkJobDesciption" time="0.035" classname="tests.CareerTest"/>
  <testcase name="checkJobResponisilities" time="0.059" classname="tests.CareerTest"/>
  <testcase name="checkJobProfile" time="0.069" classname="tests.CareerTest"/>
  <testcase name="checkApplyNowButton" time="2.837" classname="tests.CareerTest"/>
</testsuite> <!-- career -->
