<?xml version="1.0" encoding="UTF-8"?>
<!-- Generated by org.testng.reporters.JUnitXMLReporter -->
<testsuite hostname="Lilith-PC" name="career" tests="5" failures="2" timestamp="4 Jun 2019 09:58:47 GMT" time="22.927" errors="0">
  <testcase name="checkJobTopSection" time="2.701" classname="tests.CareerTest"/>
  <testcase name="checkJobDesciption" time="0.039" classname="tests.CareerTest"/>
  <testcase name="checkJobResponisilities" time="0.091" classname="tests.CareerTest">
    <failure type="java.lang.AssertionError" message="expected [true] but found [false]">
      <![CDATA[java.lang.AssertionError: expected [true] but found [false]
	at tests.CareerTest.checkJobResponisilities(CareerTest.java:54)
... Removed 28 stack frames]]>
    </failure>
  </testcase> <!-- checkJobResponisilities -->
  <testcase name="checkJobProfile" time="10.075" classname="tests.CareerTest">
    <failure type="java.lang.AssertionError" message="expected [true] but found [false]">
      <![CDATA[java.lang.AssertionError: expected [true] but found [false]
	at tests.CareerTest.checkJobProfile(CareerTest.java:62)
... Removed 28 stack frames]]>
    </failure>
  </testcase> <!-- checkJobProfile -->
  <testcase name="checkApplyNowButton" time="1.956" classname="tests.CareerTest"/>
</testsuite> <!-- career -->
